# JRE version: Java(TM) SE Runtime Environment (8.0_20-b26) (build 1.8.0_20-b26)
# Java VM: Java HotSpot(TM) 64-Bit Server VM (25.20-b23 mixed mode linux-amd64 compressed oops)
Heap:
 PSYoungGen      total 293376K, used 214637K [0x00000000eab00000, 0x00000000ffb00000, 0x0000000100000000)
  eden space 253952K, 79% used [0x00000000eab00000,0x00000000f70cf520,0x00000000fa300000)
  from space 39424K, 30% used [0x00000000fa300000,0x00000000faecc238,0x00000000fc980000)
  to   space 45056K, 0% used [0x00000000fcf00000,0x00000000fcf00000,0x00000000ffb00000)
 ParOldGen       total 78336K, used 78171K [0x00000000c0000000, 0x00000000c4c80000, 0x00000000eab00000)
  object space 78336K, 99% used [0x00000000c0000000,0x00000000c4c56e70,0x00000000c4c80000)
 Metaspace       used 74219K, capacity 77956K, committed 78080K, reserved 1116160K
  class space    used 10296K, capacity 11756K, committed 11776K, reserved 1048576K
GC Heap History (10 events):
Event: 4652,917 GC heap before
{Heap before GC invocations=20 (full 5):
 PSYoungGen      total 249856K, used 112797K [0x00000000eab00000, 0x00000000fed80000, 0x0000000100000000)
  eden space 219136K, 39% used [0x00000000eab00000,0x00000000eff1ce98,0x00000000f8100000)
  from space 30720K, 86% used [0x00000000fa200000,0x00000000fbc0a5f0,0x00000000fc000000)
  to   space 33792K, 0% used [0x00000000f8100000,0x00000000f8100000,0x00000000fa200000)
 ParOldGen       total 78336K, used 37573K [0x00000000c0000000, 0x00000000c4c80000, 0x00000000eab00000)
  object space 78336K, 47% used [0x00000000c0000000,0x00000000c24b1488,0x00000000c4c80000)
 Metaspace       used 55525K, capacity 57163K, committed 59648K, reserved 1099776K
  class space    used 7524K, capacity 8199K, committed 9216K, reserved 1048576K
Event: 4653,058 GC heap after
Heap after GC invocations=20 (full 5):
 PSYoungGen      total 252928K, used 29357K [0x00000000eab00000, 0x00000000ff480000, 0x0000000100000000)
  eden space 219136K, 0% used [0x00000000eab00000,0x00000000eab00000,0x00000000f8100000)
  from space 33792K, 86% used [0x00000000f8100000,0x00000000f9dab650,0x00000000fa200000)
  to   space 37376K, 0% used [0x00000000fd000000,0x00000000fd000000,0x00000000ff480000)
 ParOldGen       total 78336K, used 37581K [0x00000000c0000000, 0x00000000c4c80000, 0x00000000eab00000)
  object space 78336K, 47% used [0x00000000c0000000,0x00000000c24b3488,0x00000000c4c80000)
 Metaspace       used 55525K, capacity 57163K, committed 59648K, reserved 1099776K
  class space    used 7524K, capacity 8199K, committed 9216K, reserved 1048576K
}
Event: 4653,058 GC heap before
{Heap before GC invocations=21 (full 6):
 PSYoungGen      total 252928K, used 29357K [0x00000000eab00000, 0x00000000ff480000, 0x0000000100000000)
  eden space 219136K, 0% used [0x00000000eab00000,0x00000000eab00000,0x00000000f8100000)
  from space 33792K, 86% used [0x00000000f8100000,0x00000000f9dab650,0x00000000fa200000)
  to   space 37376K, 0% used [0x00000000fd000000,0x00000000fd000000,0x00000000ff480000)
 ParOldGen       total 78336K, used 37581K [0x00000000c0000000, 0x00000000c4c80000, 0x00000000eab00000)
  object space 78336K, 47% used [0x00000000c0000000,0x00000000c24b3488,0x00000000c4c80000)
 Metaspace       used 55525K, capacity 57163K, committed 59648K, reserved 1099776K
  class space    used 7524K, capacity 8199K, committed 9216K, reserved 1048576K
Event: 4654,043 GC heap after
Heap after GC invocations=21 (full 6):
 PSYoungGen      total 252928K, used 0K [0x00000000eab00000, 0x00000000ff480000, 0x0000000100000000)
  eden space 219136K, 0% used [0x00000000eab00000,0x00000000eab00000,0x00000000f8100000)
  from space 33792K, 0% used [0x00000000f8100000,0x00000000f8100000,0x00000000fa200000)
  to   space 37376K, 0% used [0x00000000fd000000,0x00000000fd000000,0x00000000ff480000)
 ParOldGen       total 78336K, used 54773K [0x00000000c0000000, 0x00000000c4c80000, 0x00000000eab00000)
  object space 78336K, 69% used [0x00000000c0000000,0x00000000c357d7d0,0x00000000c4c80000)
 Metaspace       used 55525K, capacity 57163K, committed 59648K, reserved 1099776K
  class space    used 7524K, capacity 8199K, committed 9216K, reserved 1048576K
}
Event: 5063,848 GC heap before
{Heap before GC invocations=22 (full 6):
 PSYoungGen      total 252928K, used 219136K [0x00000000eab00000, 0x00000000ff480000, 0x0000000100000000)
  eden space 219136K, 100% used [0x00000000eab00000,0x00000000f8100000,0x00000000f8100000)
  from space 33792K, 0% used [0x00000000f8100000,0x00000000f8100000,0x00000000fa200000)
  to   space 37376K, 0% used [0x00000000fd000000,0x00000000fd000000,0x00000000ff480000)
 ParOldGen       total 78336K, used 54773K [0x00000000c0000000, 0x00000000c4c80000, 0x00000000eab00000)
  object space 78336K, 69% used [0x00000000c0000000,0x00000000c357d7d0,0x00000000c4c80000)
 Metaspace       used 63404K, capacity 66106K, committed 66816K, reserved 1105920K
  class space    used 8632K, capacity 9696K, committed 9984K, reserved 1048576K
Event: 5063,959 GC heap after
Heap after GC invocations=22 (full 6):
 PSYoungGen      total 286720K, used 26736K [0x00000000eab00000, 0x00000000ff000000, 0x0000000100000000)
  eden space 253952K, 0% used [0x00000000eab00000,0x00000000eab00000,0x00000000fa300000)
  from space 32768K, 81% used [0x00000000fd000000,0x00000000fea1c2b8,0x00000000ff000000)
  to   space 39424K, 0% used [0x00000000fa300000,0x00000000fa300000,0x00000000fc980000)
 ParOldGen       total 78336K, used 54781K [0x00000000c0000000, 0x00000000c4c80000, 0x00000000eab00000)
  object space 78336K, 69% used [0x00000000c0000000,0x00000000c357f7d0,0x00000000c4c80000)
 Metaspace       used 63404K, capacity 66106K, committed 66816K, reserved 1105920K
  class space    used 8632K, capacity 9696K, committed 9984K, reserved 1048576K
}
Event: 5069,678 GC heap before
{Heap before GC invocations=23 (full 6):
 PSYoungGen      total 286720K, used 198297K [0x00000000eab00000, 0x00000000ff000000, 0x0000000100000000)
  eden space 253952K, 67% used [0x00000000eab00000,0x00000000f528a460,0x00000000fa300000)
  from space 32768K, 81% used [0x00000000fd000000,0x00000000fea1c2b8,0x00000000ff000000)
  to   space 39424K, 0% used [0x00000000fa300000,0x00000000fa300000,0x00000000fc980000)
 ParOldGen       total 78336K, used 54781K [0x00000000c0000000, 0x00000000c4c80000, 0x00000000eab00000)
  object space 78336K, 69% used [0x00000000c0000000,0x00000000c357f7d0,0x00000000c4c80000)
 Metaspace       used 68204K, capacity 71233K, committed 71552K, reserved 1110016K
  class space    used 9404K, capacity 10604K, committed 10624K, reserved 1048576K
Event: 5069,799 GC heap after
Heap after GC invocations=23 (full 6):
 PSYoungGen      total 293376K, used 38070K [0x00000000eab00000, 0x00000000ffb00000, 0x0000000100000000)
  eden space 253952K, 0% used [0x00000000eab00000,0x00000000eab00000,0x00000000fa300000)
  from space 39424K, 96% used [0x00000000fa300000,0x00000000fc82d868,0x00000000fc980000)
  to   space 45056K, 0% used [0x00000000fcf00000,0x00000000fcf00000,0x00000000ffb00000)
 ParOldGen       total 78336K, used 54789K [0x00000000c0000000, 0x00000000c4c80000, 0x00000000eab00000)
  object space 78336K, 69% used [0x00000000c0000000,0x00000000c35817d0,0x00000000c4c80000)
 Metaspace       used 68204K, capacity 71233K, committed 71552K, reserved 1110016K
  class space    used 9404K, capacity 10604K, committed 10624K, reserved 1048576K
}
Event: 5069,799 GC heap before
{Heap before GC invocations=24 (full 7):
 PSYoungGen      total 293376K, used 38070K [0x00000000eab00000, 0x00000000ffb00000, 0x0000000100000000)
  eden space 253952K, 0% used [0x00000000eab00000,0x00000000eab00000,0x00000000fa300000)
  from space 39424K, 96% used [0x00000000fa300000,0x00000000fc82d868,0x00000000fc980000)
  to   space 45056K, 0% used [0x00000000fcf00000,0x00000000fcf00000,0x00000000ffb00000)
 ParOldGen       total 78336K, used 54789K [0x00000000c0000000, 0x00000000c4c80000, 0x00000000eab00000)
  object space 78336K, 69% used [0x00000000c0000000,0x00000000c35817d0,0x00000000c4c80000)
 Metaspace       used 68204K, capacity 71233K, committed 71552K, reserved 1110016K
  class space    used 9404K, capacity 10604K, committed 10624K, reserved 1048576K
Event: 5070,890 GC heap after
Heap after GC invocations=24 (full 7):
 PSYoungGen      total 293376K, used 12080K [0x00000000eab00000, 0x00000000ffb00000, 0x0000000100000000)
  eden space 253952K, 0% used [0x00000000eab00000,0x00000000eab00000,0x00000000fa300000)
  from space 39424K, 30% used [0x00000000fa300000,0x00000000faecc238,0x00000000fc980000)
  to   space 45056K, 0% used [0x00000000fcf00000,0x00000000fcf00000,0x00000000ffb00000)
 ParOldGen       total 78336K, used 78171K [0x00000000c0000000, 0x00000000c4c80000, 0x00000000eab00000)
  object space 78336K, 99% used [0x00000000c0000000,0x00000000c4c56e70,0x00000000c4c80000)
 Metaspace       used 68204K, capacity 71233K, committed 71552K, reserved 1110016K
  class space    used 9404K, capacity 10604K, committed 10624K, reserved 1048576K
}

